<?xml version="1.0" encoding="UTF-8"?>
<testsuite name="org.xtext.example.webFontIssue.tests.FontParsingTest" tests="1" skipped="0" failures="0" errors="0" timestamp="2016-10-10T13:54:38" hostname="shi-PC" time="1.092">
  <properties/>
  <testcase name="loadModel" classname="org.xtext.example.webFontIssue.tests.FontParsingTest" time="1.092"/>
  <system-out><![CDATA[]]></system-out>
  <system-err><![CDATA[]]></system-err>
</testsuite>
